
Apr 25, 2023 09:09:59.36 NEW SESSION
Apr 25, 2023 09:09:59.36 [9104:2868:0425/090959.356:ERROR:device_event_log_impl.cc(222)] [09:09:59.355] USB: usb_device_handle_win.cc:1046 Failed to read descriptor from node connection: A device attached to the system is not functioning. (0x1F)
Apr 25, 2023 09:09:59.36 [9104:2868:0425/090959.357:ERROR:device_event_log_impl.cc(222)] [09:09:59.356] USB: usb_device_handle_win.cc:1046 Failed to read descriptor from node connection: A device attached to the system is not functioning. (0x1F)
Apr 25, 2023 09:10:01.26 INFO: Created TensorFlow Lite XNNPACK delegate for CPU.
Apr 25, 2023 09:10:08.82 [9104:7436:0425/091008.822:ERROR:connection_factory_impl.cc(429)] Failed to connect to MCS endpoint with error -105
Apr 25, 2023 09:10:11.42 [9104:2868:0425/091011.427:ERROR:device_event_log_impl.cc(222)] [09:10:11.426] USB: usb_service_win.cc:104 SetupDiGetDeviceProperty({{A45C254E-DF1C-4EFD-8020-67D146A850E0}, 6}) failed: Element not found. (0x490)
Apr 25, 2023 09:10:11.60 [9104:7436:0425/091011.608:ERROR:connection_factory_impl.cc(429)] Failed to connect to MCS endpoint with error -106
Apr 25, 2023 09:10:59.27 [9104:7436:0425/091059.272:ERROR:connection_factory_impl.cc(429)] Failed to connect to MCS endpoint with error -106
Apr 25, 2023 09:12:28.93 [9104:7436:0425/091228.935:ERROR:connection_factory_impl.cc(429)] Failed to connect to MCS endpoint with error -106
Apr 25, 2023 09:16:20.99 [9104:7436:0425/091620.993:ERROR:connection_factory_impl.cc(429)] Failed to connect to MCS endpoint with error -106
Apr 25, 2023 09:22:57.36 [12884:12772:0425/092257.360:ERROR:device_event_log_impl.cc(222)] [09:22:57.360] USB: usb_device_handle_win.cc:1046 Failed to read descriptor from node connection: A device attached to the system is not functioning. (0x1F)
Apr 25, 2023 09:22:57.36 [12884:12772:0425/092257.360:ERROR:device_event_log_impl.cc(222)] [09:22:57.360] USB: usb_device_handle_win.cc:1046 Failed to read descriptor from node connection: A device attached to the system is not functioning. (0x1F)
Apr 25, 2023 09:22:57.58 INFO: Created TensorFlow Lite XNNPACK delegate for CPU.
Apr 25, 2023 09:25:10.84 [724:8548:0425/092510.849:ERROR:device_event_log_impl.cc(222)] [09:25:10.849] USB: usb_device_handle_win.cc:1046 Failed to read descriptor from node connection: A device attached to the system is not functioning. (0x1F)
Apr 25, 2023 09:25:10.85 [724:8548:0425/092510.849:ERROR:device_event_log_impl.cc(222)] [09:25:10.849] USB: usb_device_handle_win.cc:1046 Failed to read descriptor from node connection: A device attached to the system is not functioning. (0x1F)
Apr 25, 2023 09:25:11.06 INFO: Created TensorFlow Lite XNNPACK delegate for CPU.
Apr 25, 2023 09:31:19.61 [724:4628:0425/093119.611:ERROR:cert_issuer_source_aia.cc(34)] Error parsing cert retrieved from AIA (as DER):
Apr 25, 2023 09:31:19.61 ERROR: Couldn't read tbsCertificate as SEQUENCE
Apr 25, 2023 09:31:19.61 ERROR: Failed parsing Certificate
Apr 25, 2023 09:31:19.61 
Apr 25, 2023 09:31:20.23 [724:4628:0425/093120.231:ERROR:cert_issuer_source_aia.cc(34)] Error parsing cert retrieved from AIA (as DER):
Apr 25, 2023 09:31:20.23 ERROR: Couldn't read tbsCertificate as SEQUENCE
Apr 25, 2023 09:31:20.23 ERROR: Failed parsing Certificate
Apr 25, 2023 09:31:20.23 

Apr 25, 2023 14:58:20.89 NEW SESSION
Apr 25, 2023 14:58:20.89 [7196:1212:0425/145820.896:ERROR:device_event_log_impl.cc(222)] [14:58:20.895] USB: usb_device_handle_win.cc:1046 Failed to read descriptor from node connection: A device attached to the system is not functioning. (0x1F)
Apr 25, 2023 14:58:20.90 [7196:1212:0425/145820.896:ERROR:device_event_log_impl.cc(222)] [14:58:20.896] USB: usb_device_handle_win.cc:1046 Failed to read descriptor from node connection: A device attached to the system is not functioning. (0x1F)
Apr 25, 2023 14:58:21.15 INFO: Created TensorFlow Lite XNNPACK delegate for CPU.
Apr 25, 2023 14:58:36.34 [7196:11296:0425/145836.340:ERROR:get_updates_processor.cc(264)] PostClientToServerMessage() failed during GetUpdates with error 2
Apr 25, 2023 14:59:30.82 [7196:12348:0425/145930.823:ERROR:cert_issuer_source_aia.cc(34)] Error parsing cert retrieved from AIA (as DER):
Apr 25, 2023 14:59:30.82 ERROR: Couldn't read tbsCertificate as SEQUENCE
Apr 25, 2023 14:59:30.82 ERROR: Failed parsing Certificate
Apr 25, 2023 14:59:30.82 
Apr 25, 2023 14:59:30.97 [7196:12348:0425/145930.969:ERROR:cert_issuer_source_aia.cc(34)] Error parsing cert retrieved from AIA (as DER):
Apr 25, 2023 14:59:30.97 ERROR: Couldn't read tbsCertificate as SEQUENCE
Apr 25, 2023 14:59:30.97 ERROR: Failed parsing Certificate
Apr 25, 2023 14:59:30.97 
Apr 25, 2023 15:07:29.69 [7196:1212:0425/150729.691:ERROR:interface_endpoint_client.cc(695)] Message 1 rejected by interface blink.mojom.WidgetHost
Apr 25, 2023 15:16:40.35 [7196:12348:0425/151640.356:ERROR:cert_issuer_source_aia.cc(34)] Error parsing cert retrieved from AIA (as DER):
Apr 25, 2023 15:16:40.35 ERROR: Couldn't read tbsCertificate as SEQUENCE
Apr 25, 2023 15:16:40.35 ERROR: Failed parsing Certificate
Apr 25, 2023 15:16:40.36 
Apr 25, 2023 15:17:09.35 [libprotobuf ERROR ..\..\third_party\protobuf\src\google\protobuf\message_lite.cc:133] Can't parse message of type "safe_browsing.ClientDownloadRequest" because it is missing required fields: (cannot determine missing fields for lite message)
Apr 25, 2023 15:18:09.64 [libprotobuf ERROR ..\..\third_party\protobuf\src\google\protobuf\message_lite.cc:133] Can't parse message of type "safe_browsing.ClientDownloadRequest" because it is missing required fields: (cannot determine missing fields for lite message)

Apr 25, 2023 15:44:16.02 NEW SESSION
Apr 25, 2023 15:44:16.02 [12228:13384:0425/154416.019:ERROR:device_event_log_impl.cc(222)] [15:44:16.018] USB: usb_device_handle_win.cc:1046 Failed to read descriptor from node connection: A device attached to the system is not functioning. (0x1F)
Apr 25, 2023 15:44:16.02 [12228:13384:0425/154416.019:ERROR:device_event_log_impl.cc(222)] [15:44:16.019] USB: usb_device_handle_win.cc:1046 Failed to read descriptor from node connection: A device attached to the system is not functioning. (0x1F)
Apr 25, 2023 15:44:16.08 [12228:8028:0425/154416.080:ERROR:connection_factory_impl.cc(429)] Failed to connect to MCS endpoint with error -106
Apr 25, 2023 15:44:16.33 INFO: Created TensorFlow Lite XNNPACK delegate for CPU.
Apr 25, 2023 15:44:39.87 [12228:8028:0425/154439.879:ERROR:connection_factory_impl.cc(429)] Failed to connect to MCS endpoint with error -106
Apr 25, 2023 15:45:31.96 [12228:8028:0425/154531.965:ERROR:connection_factory_impl.cc(429)] Failed to connect to MCS endpoint with error -106
Apr 25, 2023 15:47:13.44 [12228:8028:0425/154713.440:ERROR:connection_factory_impl.cc(429)] Failed to connect to MCS endpoint with error -106
Apr 25, 2023 15:50:12.83 [12228:8028:0425/155012.829:ERROR:connection_factory_impl.cc(429)] Failed to connect to MCS endpoint with error -106

Apr 25, 2023 21:49:29.60 NEW SESSION
Apr 25, 2023 21:49:29.60 [3224:7668:0425/214929.606:ERROR:device_event_log_impl.cc(222)] [21:49:29.606] USB: usb_device_handle_win.cc:1046 Failed to read descriptor from node connection: A device attached to the system is not functioning. (0x1F)
Apr 25, 2023 21:49:29.61 [3224:7668:0425/214929.608:ERROR:device_event_log_impl.cc(222)] [21:49:29.608] USB: usb_device_handle_win.cc:1046 Failed to read descriptor from node connection: A device attached to the system is not functioning. (0x1F)
Apr 25, 2023 21:49:29.61 [3224:7668:0425/214929.608:ERROR:device_event_log_impl.cc(222)] [21:49:29.608] USB: usb_device_handle_win.cc:1046 Failed to read descriptor from node connection: A device attached to the system is not functioning. (0x1F)
Apr 25, 2023 21:49:31.47 INFO: Created TensorFlow Lite XNNPACK delegate for CPU.

Apr 25, 2023 21:56:51.39 NEW SESSION
Apr 25, 2023 21:56:51.39 [10928:9036:0425/215651.390:ERROR:device_event_log_impl.cc(222)] [21:56:51.390] USB: usb_device_handle_win.cc:1046 Failed to read descriptor from node connection: A device attached to the system is not functioning. (0x1F)
Apr 25, 2023 21:56:51.39 [10928:9036:0425/215651.392:ERROR:device_event_log_impl.cc(222)] [21:56:51.392] USB: usb_device_handle_win.cc:1046 Failed to read descriptor from node connection: A device attached to the system is not functioning. (0x1F)
Apr 25, 2023 21:56:51.39 [10928:9036:0425/215651.392:ERROR:device_event_log_impl.cc(222)] [21:56:51.393] USB: usb_device_handle_win.cc:1046 Failed to read descriptor from node connection: A device attached to the system is not functioning. (0x1F)
Apr 25, 2023 21:56:51.64 INFO: Created TensorFlow Lite XNNPACK delegate for CPU.
Apr 25, 2023 21:59:54.52 [10928:10564:0425/215954.526:ERROR:cert_issuer_source_aia.cc(34)] Error parsing cert retrieved from AIA (as DER):
Apr 25, 2023 21:59:54.52 ERROR: Couldn't read tbsCertificate as SEQUENCE
Apr 25, 2023 21:59:54.52 ERROR: Failed parsing Certificate
Apr 25, 2023 21:59:54.52 
Apr 25, 2023 21:59:54.56 [10928:10564:0425/215954.567:ERROR:cert_issuer_source_aia.cc(34)] Error parsing cert retrieved from AIA (as DER):
Apr 25, 2023 21:59:54.56 ERROR: Couldn't read tbsCertificate as SEQUENCE
Apr 25, 2023 21:59:54.56 ERROR: Failed parsing Certificate
Apr 25, 2023 21:59:54.57 
Apr 25, 2023 22:57:36.55 [10928:10564:0425/225736.553:ERROR:cert_issuer_source_aia.cc(34)] Error parsing cert retrieved from AIA (as DER):
Apr 25, 2023 22:57:36.55 ERROR: Couldn't read tbsCertificate as SEQUENCE
Apr 25, 2023 22:57:36.55 ERROR: Failed parsing Certificate
Apr 25, 2023 22:57:36.55 
Apr 25, 2023 22:57:46.64 [10928:10564:0425/225746.641:ERROR:cert_issuer_source_aia.cc(34)] Error parsing cert retrieved from AIA (as DER):
Apr 25, 2023 22:57:46.64 ERROR: Couldn't read tbsCertificate as SEQUENCE
Apr 25, 2023 22:57:46.64 ERROR: Failed parsing Certificate
Apr 25, 2023 22:57:46.64 
Apr 25, 2023 23:01:55.96 [10928:10564:0425/230155.966:ERROR:cert_issuer_source_aia.cc(34)] Error parsing cert retrieved from AIA (as DER):
Apr 25, 2023 23:01:55.96 ERROR: Couldn't read tbsCertificate as SEQUENCE
Apr 25, 2023 23:01:55.96 ERROR: Failed parsing Certificate
Apr 25, 2023 23:01:55.96 
Apr 25, 2023 23:18:36.59 [10928:10564:0425/231836.591:ERROR:cert_issuer_source_aia.cc(34)] Error parsing cert retrieved from AIA (as DER):
Apr 25, 2023 23:18:36.59 ERROR: Couldn't read tbsCertificate as SEQUENCE
Apr 25, 2023 23:18:36.59 ERROR: Failed parsing Certificate
Apr 25, 2023 23:18:36.59 
Apr 25, 2023 23:18:38.64 [10928:10564:0425/231838.649:ERROR:cert_issuer_source_aia.cc(34)] Error parsing cert retrieved from AIA (as DER):
Apr 25, 2023 23:18:38.65 ERROR: Couldn't read tbsCertificate as SEQUENCE
Apr 25, 2023 23:18:38.65 ERROR: Failed parsing Certificate
Apr 25, 2023 23:18:38.65 

Apr 26, 2023 12:17:59.91 NEW SESSION
Apr 26, 2023 12:17:59.91 [12620:7520:0426/121759.908:ERROR:device_event_log_impl.cc(222)] [12:17:59.908] USB: usb_device_handle_win.cc:1046 Failed to read descriptor from node connection: A device attached to the system is not functioning. (0x1F)
Apr 26, 2023 12:17:59.91 [12620:7520:0426/121759.908:ERROR:device_event_log_impl.cc(222)] [12:17:59.909] USB: usb_device_handle_win.cc:1046 Failed to read descriptor from node connection: A device attached to the system is not functioning. (0x1F)
Apr 26, 2023 12:18:00.94 INFO: Created TensorFlow Lite XNNPACK delegate for CPU.
Apr 26, 2023 12:20:39.33 [12620:8988:0426/122039.339:ERROR:connection_factory_impl.cc(472)] ConnectionHandler failed with net error: -2
Apr 26, 2023 12:20:40.53 [12620:8988:0426/122040.537:ERROR:connection_factory_impl.cc(472)] ConnectionHandler failed with net error: -2
Apr 26, 2023 12:21:18.78 [12620:8988:0426/122118.785:ERROR:connection_factory_impl.cc(429)] Failed to connect to MCS endpoint with error -106
Apr 26, 2023 12:21:21.92 [12620:7520:0426/122121.926:ERROR:device_event_log_impl.cc(222)] [12:21:21.925] USB: usb_service_win.cc:104 SetupDiGetDeviceProperty({{A45C254E-DF1C-4EFD-8020-67D146A850E0}, 6}) failed: Element not found. (0x490)
Apr 26, 2023 12:22:10.97 [12620:8988:0426/122210.976:ERROR:connection_factory_impl.cc(429)] Failed to connect to MCS endpoint with error -106
Apr 26, 2023 12:24:07.49 [12620:8988:0426/122407.495:ERROR:connection_factory_impl.cc(429)] Failed to connect to MCS endpoint with error -106
Apr 26, 2023 12:24:45.77 [12620:8988:0426/122445.776:ERROR:connection_factory_impl.cc(429)] Failed to connect to MCS endpoint with error -105
Apr 26, 2023 12:26:42.25 [12620:8988:0426/122642.255:ERROR:connection_factory_impl.cc(472)] ConnectionHandler failed with net error: -2
Apr 26, 2023 12:27:30.30 [12620:8988:0426/122730.302:ERROR:connection_factory_impl.cc(429)] Failed to connect to MCS endpoint with error -106
Apr 26, 2023 12:27:52.22 [12620:8988:0426/122752.226:ERROR:connection_factory_impl.cc(429)] Failed to connect to MCS endpoint with error -106
Apr 26, 2023 12:27:53.67 [12620:7520:0426/122753.670:ERROR:device_event_log_impl.cc(222)] [12:27:53.670] USB: usb_service_win.cc:104 SetupDiGetDeviceProperty({{A45C254E-DF1C-4EFD-8020-67D146A850E0}, 6}) failed: Element not found. (0x490)
Apr 26, 2023 12:28:13.66 [12620:7548:0426/122813.660:ERROR:cert_issuer_source_aia.cc(34)] Error parsing cert retrieved from AIA (as DER):
Apr 26, 2023 12:28:13.66 ERROR: Couldn't read tbsCertificate as SEQUENCE
Apr 26, 2023 12:28:13.66 ERROR: Failed parsing Certificate
Apr 26, 2023 12:28:13.66 
Apr 26, 2023 12:29:41.90 [12620:7548:0426/122941.901:ERROR:cert_issuer_source_aia.cc(34)] Error parsing cert retrieved from AIA (as DER):
Apr 26, 2023 12:29:41.90 ERROR: Couldn't read tbsCertificate as SEQUENCE
Apr 26, 2023 12:29:41.90 ERROR: Failed parsing Certificate
Apr 26, 2023 12:29:41.90 
Apr 26, 2023 12:29:54.38 [libprotobuf ERROR ..\..\third_party\protobuf\src\google\protobuf\message_lite.cc:133] Can't parse message of type "safe_browsing.ClientDownloadRequest" because it is missing required fields: (cannot determine missing fields for lite message)
Apr 26, 2023 12:31:28.45 [12620:8988:0426/123128.453:ERROR:connection_factory_impl.cc(429)] Failed to connect to MCS endpoint with error -106
Apr 26, 2023 12:31:56.09 [12620:8988:0426/123156.094:ERROR:connection_factory_impl.cc(429)] Failed to connect to MCS endpoint with error -106
Apr 26, 2023 12:32:53.55 [12620:8988:0426/123253.555:ERROR:connection_factory_impl.cc(429)] Failed to connect to MCS endpoint with error -106
Apr 26, 2023 12:32:56.77 [12620:7520:0426/123256.771:ERROR:device_event_log_impl.cc(222)] [12:32:56.770] USB: usb_service_win.cc:104 SetupDiGetDeviceProperty({{A45C254E-DF1C-4EFD-8020-67D146A850E0}, 6}) failed: Element not found. (0x490)
Apr 26, 2023 12:33:17.15 [12620:8988:0426/123317.154:ERROR:connection_factory_impl.cc(472)] ConnectionHandler failed with net error: -2
Apr 26, 2023 12:33:19.17 [12620:8988:0426/123319.177:ERROR:connection_factory_impl.cc(429)] Failed to connect to MCS endpoint with error -106
Apr 26, 2023 12:33:19.42 [12620:7520:0426/123319.425:ERROR:device_event_log_impl.cc(222)] [12:33:19.424] USB: usb_service_win.cc:104 SetupDiGetDeviceProperty({{A45C254E-DF1C-4EFD-8020-67D146A850E0}, 6}) failed: Element not found. (0x490)
Apr 26, 2023 12:34:01.13 [12620:8988:0426/123401.130:ERROR:connection_factory_impl.cc(429)] Failed to connect to MCS endpoint with error -105
Apr 26, 2023 12:34:13.28 [12620:8988:0426/123413.289:ERROR:connection_factory_impl.cc(472)] ConnectionHandler failed with net error: -2
Apr 26, 2023 12:34:16.54 [12620:8988:0426/123416.546:ERROR:connection_factory_impl.cc(429)] Failed to connect to MCS endpoint with error -105
Apr 26, 2023 12:34:43.56 [12620:7548:0426/123443.562:ERROR:cert_issuer_source_aia.cc(34)] Error parsing cert retrieved from AIA (as DER):
Apr 26, 2023 12:34:43.56 ERROR: Couldn't read tbsCertificate as SEQUENCE
Apr 26, 2023 12:34:43.56 ERROR: Failed parsing Certificate
Apr 26, 2023 12:34:43.56 
Apr 26, 2023 12:43:01.67 [12620:8988:0426/124301.674:ERROR:connection_factory_impl.cc(429)] Failed to connect to MCS endpoint with error -105
Apr 26, 2023 12:43:03.78 [12620:8988:0426/124303.787:ERROR:connection_factory_impl.cc(429)] Failed to connect to MCS endpoint with error -106
Apr 26, 2023 12:43:04.21 [12620:7520:0426/124304.210:ERROR:device_event_log_impl.cc(222)] [12:43:04.210] USB: usb_service_win.cc:104 SetupDiGetDeviceProperty({{A45C254E-DF1C-4EFD-8020-67D146A850E0}, 6}) failed: Element not found. (0x490)
Apr 26, 2023 12:43:46.27 [12620:8988:0426/124346.272:ERROR:connection_factory_impl.cc(429)] Failed to connect to MCS endpoint with error -106
Apr 26, 2023 12:45:31.28 [12620:8988:0426/124531.284:ERROR:connection_factory_impl.cc(429)] Failed to connect to MCS endpoint with error -106
Apr 26, 2023 12:48:03.78 [12620:8988:0426/124803.783:ERROR:connection_factory_impl.cc(429)] Failed to connect to MCS endpoint with error -105
Apr 26, 2023 12:49:02.04 [12620:7548:0426/124902.047:ERROR:get_updates_processor.cc(264)] PostClientToServerMessage() failed during GetUpdates with error 2

Apr 26, 2023 13:20:19.70 NEW SESSION
Apr 26, 2023 13:20:19.70 [12156:4068:0426/132019.704:ERROR:device_event_log_impl.cc(222)] [13:20:19.703] USB: usb_device_handle_win.cc:1046 Failed to read descriptor from node connection: A device attached to the system is not functioning. (0x1F)
Apr 26, 2023 13:20:19.70 [12156:4068:0426/132019.705:ERROR:device_event_log_impl.cc(222)] [13:20:19.704] USB: usb_device_handle_win.cc:1046 Failed to read descriptor from node connection: A device attached to the system is not functioning. (0x1F)
Apr 26, 2023 13:20:19.94 INFO: Created TensorFlow Lite XNNPACK delegate for CPU.
Apr 26, 2023 13:38:13.12 [13924:4676:0426/133813.121:ERROR:device_event_log_impl.cc(222)] [13:38:13.121] USB: usb_device_handle_win.cc:1046 Failed to read descriptor from node connection: A device attached to the system is not functioning. (0x1F)
Apr 26, 2023 13:38:13.12 [13924:4676:0426/133813.121:ERROR:device_event_log_impl.cc(222)] [13:38:13.121] USB: usb_device_handle_win.cc:1046 Failed to read descriptor from node connection: A device attached to the system is not functioning. (0x1F)
Apr 26, 2023 13:38:13.35 INFO: Created TensorFlow Lite XNNPACK delegate for CPU.

Apr 26, 2023 13:46:12.65 NEW SESSION
Apr 26, 2023 13:46:12.65 [13132:6388:0426/134612.652:ERROR:device_event_log_impl.cc(222)] [13:46:12.651] USB: usb_device_handle_win.cc:1046 Failed to read descriptor from node connection: A device attached to the system is not functioning. (0x1F)
Apr 26, 2023 13:46:12.65 [13132:6388:0426/134612.652:ERROR:device_event_log_impl.cc(222)] [13:46:12.652] USB: usb_device_handle_win.cc:1046 Failed to read descriptor from node connection: A device attached to the system is not functioning. (0x1F)
Apr 26, 2023 13:46:12.89 INFO: Created TensorFlow Lite XNNPACK delegate for CPU.
Apr 26, 2023 13:49:02.14 [4676:14288:0426/134902.140:ERROR:device_event_log_impl.cc(222)] [13:49:02.140] USB: usb_device_handle_win.cc:1046 Failed to read descriptor from node connection: A device attached to the system is not functioning. (0x1F)
Apr 26, 2023 13:49:02.14 [4676:14288:0426/134902.140:ERROR:device_event_log_impl.cc(222)] [13:49:02.141] USB: usb_device_handle_win.cc:1046 Failed to read descriptor from node connection: A device attached to the system is not functioning. (0x1F)
Apr 26, 2023 13:49:02.37 INFO: Created TensorFlow Lite XNNPACK delegate for CPU.
Apr 26, 2023 13:51:06.62 [10616:5880:0426/135106.627:ERROR:device_event_log_impl.cc(222)] [13:51:06.627] USB: usb_device_handle_win.cc:1046 Failed to read descriptor from node connection: A device attached to the system is not functioning. (0x1F)
Apr 26, 2023 13:51:06.62 [10616:5880:0426/135106.628:ERROR:device_event_log_impl.cc(222)] [13:51:06.629] USB: usb_device_handle_win.cc:1046 Failed to read descriptor from node connection: A device attached to the system is not functioning. (0x1F)
Apr 26, 2023 13:51:06.87 INFO: Created TensorFlow Lite XNNPACK delegate for CPU.
Apr 26, 2023 13:59:09.75 [10616:10428:0426/135909.757:ERROR:cert_issuer_source_aia.cc(34)] Error parsing cert retrieved from AIA (as DER):
Apr 26, 2023 13:59:09.75 ERROR: Couldn't read tbsCertificate as SEQUENCE
Apr 26, 2023 13:59:09.76 ERROR: Failed parsing Certificate
Apr 26, 2023 13:59:09.76 
Apr 26, 2023 14:33:01.98 [10616:10428:0426/143301.980:ERROR:cert_verify_proc_builtin.cc(677)] CertVerifyProcBuiltin for winweb.com.vn failed:
Apr 26, 2023 14:33:01.98 ----- Certificate i=0 (CN=winweb.com.vn) -----
Apr 26, 2023 14:33:01.98 ERROR: No matching issuer found
Apr 26, 2023 14:33:01.98 
Apr 26, 2023 14:33:01.98 

Apr 27, 2023 10:22:36.24 NEW SESSION
Apr 27, 2023 10:22:36.24 [11228:11576:0427/102236.237:ERROR:device_event_log_impl.cc(222)] [10:22:36.237] USB: usb_device_handle_win.cc:1046 Failed to read descriptor from node connection: A device attached to the system is not functioning. (0x1F)
Apr 27, 2023 10:22:36.25 [11228:11576:0427/102236.237:ERROR:device_event_log_impl.cc(222)] [10:22:36.238] USB: usb_device_handle_win.cc:1046 Failed to read descriptor from node connection: A device attached to the system is not functioning. (0x1F)
Apr 27, 2023 10:22:39.16 INFO: Created TensorFlow Lite XNNPACK delegate for CPU.

Apr 28, 2023 22:46:04.59 NEW SESSION
Apr 28, 2023 22:46:04.59 [13468:2524:0428/224604.594:ERROR:device_event_log_impl.cc(222)] [22:46:04.594] USB: usb_device_handle_win.cc:1046 Failed to read descriptor from node connection: A device attached to the system is not functioning. (0x1F)
Apr 28, 2023 22:46:04.60 [13468:2524:0428/224604.596:ERROR:device_event_log_impl.cc(222)] [22:46:04.597] USB: usb_device_handle_win.cc:1046 Failed to read descriptor from node connection: A device attached to the system is not functioning. (0x1F)
Apr 28, 2023 22:46:04.60 [13468:2524:0428/224604.596:ERROR:device_event_log_impl.cc(222)] [22:46:04.597] USB: usb_device_handle_win.cc:1046 Failed to read descriptor from node connection: A device attached to the system is not functioning. (0x1F)
Apr 28, 2023 22:46:05.14 INFO: Created TensorFlow Lite XNNPACK delegate for CPU.
Apr 28, 2023 23:18:12.27 [13468:10624:0428/231812.274:ERROR:cert_issuer_source_aia.cc(34)] Error parsing cert retrieved from AIA (as DER):
Apr 28, 2023 23:18:12.27 ERROR: Couldn't read tbsCertificate as SEQUENCE
Apr 28, 2023 23:18:12.27 ERROR: Failed parsing Certificate
Apr 28, 2023 23:18:12.27 
Apr 28, 2023 23:18:12.38 [13468:10624:0428/231812.383:ERROR:cert_issuer_source_aia.cc(34)] Error parsing cert retrieved from AIA (as DER):
Apr 28, 2023 23:18:12.38 ERROR: Couldn't read tbsCertificate as SEQUENCE
Apr 28, 2023 23:18:12.38 ERROR: Failed parsing Certificate
Apr 28, 2023 23:18:12.38 
Apr 28, 2023 23:18:12.41 [13468:10624:0428/231812.413:ERROR:cert_issuer_source_aia.cc(34)] Error parsing cert retrieved from AIA (as DER):
Apr 28, 2023 23:18:12.41 ERROR: Couldn't read tbsCertificate as SEQUENCE
Apr 28, 2023 23:18:12.41 ERROR: Failed parsing Certificate
Apr 28, 2023 23:18:12.41 
Apr 28, 2023 23:18:14.54 [13468:10624:0428/231814.548:ERROR:cert_issuer_source_aia.cc(34)] Error parsing cert retrieved from AIA (as DER):
Apr 28, 2023 23:18:14.55 ERROR: Couldn't read tbsCertificate as SEQUENCE
Apr 28, 2023 23:18:14.55 ERROR: Failed parsing Certificate
Apr 28, 2023 23:18:14.55 
Apr 28, 2023 23:19:32.65 [13468:12632:0428/231932.650:ERROR:cert_issuer_source_aia.cc(34)] Error parsing cert retrieved from AIA (as DER):
Apr 28, 2023 23:19:32.65 ERROR: Couldn't read tbsCertificate as SEQUENCE
Apr 28, 2023 23:19:32.65 ERROR: Failed parsing Certificate
Apr 28, 2023 23:19:32.65 
Apr 28, 2023 23:27:42.15 [13468:10624:0428/232742.150:ERROR:cert_issuer_source_aia.cc(34)] Error parsing cert retrieved from AIA (as DER):
Apr 28, 2023 23:27:42.15 ERROR: Couldn't read tbsCertificate as SEQUENCE
Apr 28, 2023 23:27:42.15 ERROR: Failed parsing Certificate
Apr 28, 2023 23:27:42.15 

Apr 30, 2023 20:52:14.18 NEW SESSION
Apr 30, 2023 20:52:14.18 [10952:9772:0430/205214.185:ERROR:device_event_log_impl.cc(222)] [20:52:14.185] USB: usb_device_handle_win.cc:1046 Failed to read descriptor from node connection: A device attached to the system is not functioning. (0x1F)
Apr 30, 2023 20:52:14.19 [10952:9772:0430/205214.187:ERROR:device_event_log_impl.cc(222)] [20:52:14.187] USB: usb_device_handle_win.cc:1046 Failed to read descriptor from node connection: A device attached to the system is not functioning. (0x1F)
Apr 30, 2023 20:52:14.19 [10952:9772:0430/205214.187:ERROR:device_event_log_impl.cc(222)] [20:52:14.187] USB: usb_device_handle_win.cc:1046 Failed to read descriptor from node connection: A device attached to the system is not functioning. (0x1F)
Apr 30, 2023 20:52:14.40 INFO: Created TensorFlow Lite XNNPACK delegate for CPU.
Apr 30, 2023 20:52:57.92 [5384:7004:0430/205257.920:ERROR:device_event_log_impl.cc(222)] [20:52:57.921] USB: usb_device_handle_win.cc:1046 Failed to read descriptor from node connection: A device attached to the system is not functioning. (0x1F)
Apr 30, 2023 20:52:57.92 [5384:7004:0430/205257.923:ERROR:device_event_log_impl.cc(222)] [20:52:57.923] USB: usb_device_handle_win.cc:1046 Failed to read descriptor from node connection: A device attached to the system is not functioning. (0x1F)
Apr 30, 2023 20:52:57.92 [5384:7004:0430/205257.923:ERROR:device_event_log_impl.cc(222)] [20:52:57.923] USB: usb_device_handle_win.cc:1046 Failed to read descriptor from node connection: A device attached to the system is not functioning. (0x1F)
Apr 30, 2023 20:52:58.16 INFO: Created TensorFlow Lite XNNPACK delegate for CPU.
Apr 30, 2023 21:21:45.09 [5384:7288:0430/212145.090:ERROR:cert_issuer_source_aia.cc(34)] Error parsing cert retrieved from AIA (as DER):
Apr 30, 2023 21:21:45.09 ERROR: Couldn't read tbsCertificate as SEQUENCE
Apr 30, 2023 21:21:45.09 ERROR: Failed parsing Certificate
Apr 30, 2023 21:21:45.09 
Apr 30, 2023 21:21:55.08 [5384:7288:0430/212155.079:ERROR:cert_issuer_source_aia.cc(34)] Error parsing cert retrieved from AIA (as DER):
Apr 30, 2023 21:21:55.08 ERROR: Couldn't read tbsCertificate as SEQUENCE
Apr 30, 2023 21:21:55.08 ERROR: Failed parsing Certificate
Apr 30, 2023 21:21:55.08 
Apr 30, 2023 22:00:49.97 [5384:7288:0430/220049.975:ERROR:cert_issuer_source_aia.cc(34)] Error parsing cert retrieved from AIA (as DER):
Apr 30, 2023 22:00:49.97 ERROR: Couldn't read tbsCertificate as SEQUENCE
Apr 30, 2023 22:00:49.97 ERROR: Failed parsing Certificate
Apr 30, 2023 22:00:49.97 
Apr 30, 2023 22:02:43.79 [5384:11912:0430/220243.793:ERROR:connection_factory_impl.cc(472)] ConnectionHandler failed with net error: -2
Apr 30, 2023 22:02:45.91 [5384:11912:0430/220245.917:ERROR:connection_factory_impl.cc(429)] Failed to connect to MCS endpoint with error -106
Apr 30, 2023 22:02:46.21 [5384:7004:0430/220246.218:ERROR:device_event_log_impl.cc(222)] [22:02:46.218] USB: usb_service_win.cc:104 SetupDiGetDeviceProperty({{A45C254E-DF1C-4EFD-8020-67D146A850E0}, 6}) failed: Element not found. (0x490)
Apr 30, 2023 22:18:40.66 [5384:7288:0430/221840.661:ERROR:cert_issuer_source_aia.cc(34)] Error parsing cert retrieved from AIA (as DER):
Apr 30, 2023 22:18:40.66 ERROR: Couldn't read tbsCertificate as SEQUENCE
Apr 30, 2023 22:18:40.66 ERROR: Failed parsing Certificate
Apr 30, 2023 22:18:40.66 
Apr 30, 2023 22:18:41.32 [5384:7288:0430/221841.323:ERROR:cert_issuer_source_aia.cc(34)] Error parsing cert retrieved from AIA (as DER):
Apr 30, 2023 22:18:41.32 ERROR: Couldn't read tbsCertificate as SEQUENCE
Apr 30, 2023 22:18:41.32 ERROR: Failed parsing Certificate
Apr 30, 2023 22:18:41.32 
Apr 30, 2023 22:18:42.00 [5384:5696:0430/221842.001:ERROR:cert_issuer_source_aia.cc(34)] Error parsing cert retrieved from AIA (as DER):
Apr 30, 2023 22:18:42.00 ERROR: Couldn't read tbsCertificate as SEQUENCE
Apr 30, 2023 22:18:42.00 ERROR: Failed parsing Certificate
Apr 30, 2023 22:18:42.00 
Apr 30, 2023 22:25:44.24 [5384:7288:0430/222544.239:ERROR:cert_issuer_source_aia.cc(34)] Error parsing cert retrieved from AIA (as DER):
Apr 30, 2023 22:25:44.24 ERROR: Couldn't read tbsCertificate as SEQUENCE
Apr 30, 2023 22:25:44.24 ERROR: Failed parsing Certificate
Apr 30, 2023 22:25:44.24 
Apr 30, 2023 22:25:45.29 [5384:7288:0430/222545.296:ERROR:cert_issuer_source_aia.cc(34)] Error parsing cert retrieved from AIA (as DER):
Apr 30, 2023 22:25:45.29 ERROR: Couldn't read tbsCertificate as SEQUENCE
Apr 30, 2023 22:25:45.29 ERROR: Failed parsing Certificate
Apr 30, 2023 22:25:45.29 

Apr 30, 2023 23:41:14.00 NEW SESSION
Apr 30, 2023 23:41:14.00 [3644:14900:0430/234113.998:ERROR:device_event_log_impl.cc(222)] [23:41:13.998] USB: usb_device_handle_win.cc:1046 Failed to read descriptor from node connection: A device attached to the system is not functioning. (0x1F)
Apr 30, 2023 23:41:14.00 [3644:14900:0430/234114.000:ERROR:device_event_log_impl.cc(222)] [23:41:14.000] USB: usb_device_handle_win.cc:1046 Failed to read descriptor from node connection: A device attached to the system is not functioning. (0x1F)
Apr 30, 2023 23:41:14.00 [3644:14900:0430/234114.000:ERROR:device_event_log_impl.cc(222)] [23:41:14.000] USB: usb_device_handle_win.cc:1046 Failed to read descriptor from node connection: A device attached to the system is not functioning. (0x1F)
Apr 30, 2023 23:41:14.31 INFO: Created TensorFlow Lite XNNPACK delegate for CPU.

Apr 30, 2023 23:47:59.20 NEW SESSION
Apr 30, 2023 23:47:59.20 [9552:5132:0430/234759.199:ERROR:device_event_log_impl.cc(222)] [23:47:59.198] USB: usb_device_handle_win.cc:1046 Failed to read descriptor from node connection: A device attached to the system is not functioning. (0x1F)
Apr 30, 2023 23:47:59.20 [9552:5132:0430/234759.201:ERROR:device_event_log_impl.cc(222)] [23:47:59.200] USB: usb_device_handle_win.cc:1046 Failed to read descriptor from node connection: A device attached to the system is not functioning. (0x1F)
Apr 30, 2023 23:47:59.20 [9552:5132:0430/234759.201:ERROR:device_event_log_impl.cc(222)] [23:47:59.200] USB: usb_device_handle_win.cc:1046 Failed to read descriptor from node connection: A device attached to the system is not functioning. (0x1F)
Apr 30, 2023 23:48:00.14 INFO: Created TensorFlow Lite XNNPACK delegate for CPU.
Apr 30, 2023 23:48:37.44 [9768:10064:0430/234837.441:ERROR:device_event_log_impl.cc(222)] [23:48:37.441] USB: usb_device_handle_win.cc:1046 Failed to read descriptor from node connection: A device attached to the system is not functioning. (0x1F)
Apr 30, 2023 23:48:37.44 [9768:10064:0430/234837.443:ERROR:device_event_log_impl.cc(222)] [23:48:37.443] USB: usb_device_handle_win.cc:1046 Failed to read descriptor from node connection: A device attached to the system is not functioning. (0x1F)
Apr 30, 2023 23:48:37.44 [9768:10064:0430/234837.443:ERROR:device_event_log_impl.cc(222)] [23:48:37.443] USB: usb_device_handle_win.cc:1046 Failed to read descriptor from node connection: A device attached to the system is not functioning. (0x1F)
Apr 30, 2023 23:48:37.65 INFO: Created TensorFlow Lite XNNPACK delegate for CPU.
Apr 30, 2023 23:51:19.08 [5056:1048:0430/235119.084:ERROR:device_event_log_impl.cc(222)] [23:51:19.085] USB: usb_device_handle_win.cc:1046 Failed to read descriptor from node connection: A device attached to the system is not functioning. (0x1F)
Apr 30, 2023 23:51:19.08 [5056:1048:0430/235119.086:ERROR:device_event_log_impl.cc(222)] [23:51:19.087] USB: usb_device_handle_win.cc:1046 Failed to read descriptor from node connection: A device attached to the system is not functioning. (0x1F)
Apr 30, 2023 23:51:19.08 [5056:1048:0430/235119.086:ERROR:device_event_log_impl.cc(222)] [23:51:19.087] USB: usb_device_handle_win.cc:1046 Failed to read descriptor from node connection: A device attached to the system is not functioning. (0x1F)
Apr 30, 2023 23:51:19.29 INFO: Created TensorFlow Lite XNNPACK delegate for CPU.
Apr 30, 2023 23:54:38.82 [5432:1976:0430/235438.823:ERROR:device_event_log_impl.cc(222)] [23:54:38.824] USB: usb_device_handle_win.cc:1046 Failed to read descriptor from node connection: A device attached to the system is not functioning. (0x1F)
Apr 30, 2023 23:54:38.82 [5432:1976:0430/235438.825:ERROR:device_event_log_impl.cc(222)] [23:54:38.826] USB: usb_device_handle_win.cc:1046 Failed to read descriptor from node connection: A device attached to the system is not functioning. (0x1F)
Apr 30, 2023 23:54:38.82 [5432:1976:0430/235438.826:ERROR:device_event_log_impl.cc(222)] [23:54:38.826] USB: usb_device_handle_win.cc:1046 Failed to read descriptor from node connection: A device attached to the system is not functioning. (0x1F)
Apr 30, 2023 23:54:40.93 INFO: Created TensorFlow Lite XNNPACK delegate for CPU.

May 01, 2023 24:36:09.72 NEW SESSION
May 01, 2023 24:36:09.72 [5148:6544:0501/003609.717:ERROR:device_event_log_impl.cc(222)] [00:36:09.716] USB: usb_device_handle_win.cc:1046 Failed to read descriptor from node connection: A device attached to the system is not functioning. (0x1F)
May 01, 2023 24:36:09.72 [5148:6544:0501/003609.719:ERROR:device_event_log_impl.cc(222)] [00:36:09.718] USB: usb_device_handle_win.cc:1046 Failed to read descriptor from node connection: A device attached to the system is not functioning. (0x1F)
May 01, 2023 24:36:09.72 [5148:6544:0501/003609.719:ERROR:device_event_log_impl.cc(222)] [00:36:09.718] USB: usb_device_handle_win.cc:1046 Failed to read descriptor from node connection: A device attached to the system is not functioning. (0x1F)
May 01, 2023 24:36:10.53 INFO: Created TensorFlow Lite XNNPACK delegate for CPU.
May 01, 2023 24:36:46.49 [9476:2512:0501/003646.491:ERROR:device_event_log_impl.cc(222)] [00:36:46.491] USB: usb_device_handle_win.cc:1046 Failed to read descriptor from node connection: A device attached to the system is not functioning. (0x1F)
May 01, 2023 24:36:46.49 [9476:2512:0501/003646.493:ERROR:device_event_log_impl.cc(222)] [00:36:46.493] USB: usb_device_handle_win.cc:1046 Failed to read descriptor from node connection: A device attached to the system is not functioning. (0x1F)
May 01, 2023 24:36:46.49 [9476:2512:0501/003646.494:ERROR:device_event_log_impl.cc(222)] [00:36:46.493] USB: usb_device_handle_win.cc:1046 Failed to read descriptor from node connection: A device attached to the system is not functioning. (0x1F)
May 01, 2023 24:36:46.71 INFO: Created TensorFlow Lite XNNPACK delegate for CPU.
May 01, 2023 24:38:14.70 [9076:8852:0501/003814.707:ERROR:device_event_log_impl.cc(222)] [00:38:14.707] USB: usb_device_handle_win.cc:1046 Failed to read descriptor from node connection: A device attached to the system is not functioning. (0x1F)
May 01, 2023 24:38:14.71 [9076:8852:0501/003814.709:ERROR:device_event_log_impl.cc(222)] [00:38:14.710] USB: usb_device_handle_win.cc:1046 Failed to read descriptor from node connection: A device attached to the system is not functioning. (0x1F)
May 01, 2023 24:38:14.71 [9076:8852:0501/003814.709:ERROR:device_event_log_impl.cc(222)] [00:38:14.710] USB: usb_device_handle_win.cc:1046 Failed to read descriptor from node connection: A device attached to the system is not functioning. (0x1F)
May 01, 2023 24:38:14.92 INFO: Created TensorFlow Lite XNNPACK delegate for CPU.

May 01, 2023 24:54:02.04 NEW SESSION
May 01, 2023 24:54:02.04 [9112:6768:0501/005402.032:ERROR:device_event_log_impl.cc(222)] [00:54:02.032] USB: usb_device_handle_win.cc:1046 Failed to read descriptor from node connection: A device attached to the system is not functioning. (0x1F)
May 01, 2023 24:54:02.04 [9112:6768:0501/005402.035:ERROR:device_event_log_impl.cc(222)] [00:54:02.034] USB: usb_device_handle_win.cc:1046 Failed to read descriptor from node connection: A device attached to the system is not functioning. (0x1F)
May 01, 2023 24:54:02.04 [9112:6768:0501/005402.035:ERROR:device_event_log_impl.cc(222)] [00:54:02.035] USB: usb_device_handle_win.cc:1046 Failed to read descriptor from node connection: A device attached to the system is not functioning. (0x1F)
May 01, 2023 24:54:03.36 INFO: Created TensorFlow Lite XNNPACK delegate for CPU.

May 01, 2023 01:20:13.24 NEW SESSION
May 01, 2023 01:20:13.24 [2464:6612:0501/012013.233:ERROR:device_event_log_impl.cc(222)] [01:20:13.233] USB: usb_device_handle_win.cc:1046 Failed to read descriptor from node connection: A device attached to the system is not functioning. (0x1F)
May 01, 2023 01:20:13.24 [2464:6612:0501/012013.236:ERROR:device_event_log_impl.cc(222)] [01:20:13.235] USB: usb_device_handle_win.cc:1046 Failed to read descriptor from node connection: A device attached to the system is not functioning. (0x1F)
May 01, 2023 01:20:13.24 [2464:6612:0501/012013.236:ERROR:device_event_log_impl.cc(222)] [01:20:13.235] USB: usb_device_handle_win.cc:1046 Failed to read descriptor from node connection: A device attached to the system is not functioning. (0x1F)
May 01, 2023 01:20:14.12 INFO: Created TensorFlow Lite XNNPACK delegate for CPU.

May 01, 2023 12:03:27.21 NEW SESSION
May 01, 2023 12:03:27.21 [6756:10168:0501/120327.210:ERROR:device_event_log_impl.cc(222)] [12:03:27.210] USB: usb_device_handle_win.cc:1046 Failed to read descriptor from node connection: A device attached to the system is not functioning. (0x1F)
May 01, 2023 12:03:27.30 [6756:10168:0501/120327.212:ERROR:device_event_log_impl.cc(222)] [12:03:27.212] USB: usb_device_handle_win.cc:1046 Failed to read descriptor from node connection: A device attached to the system is not functioning. (0x1F)
May 01, 2023 12:03:27.30 [6756:10168:0501/120327.212:ERROR:device_event_log_impl.cc(222)] [12:03:27.212] USB: usb_device_handle_win.cc:1046 Failed to read descriptor from node connection: A device attached to the system is not functioning. (0x1F)
May 01, 2023 12:03:29.04 INFO: Created TensorFlow Lite XNNPACK delegate for CPU.

May 01, 2023 12:17:00.00 NEW SESSION
May 01, 2023 12:17:00.00 [2668:1856:0501/121700.001:ERROR:device_event_log_impl.cc(222)] [12:17:00.001] USB: usb_device_handle_win.cc:1046 Failed to read descriptor from node connection: A device attached to the system is not functioning. (0x1F)
May 01, 2023 12:17:00.00 [2668:1856:0501/121700.003:ERROR:device_event_log_impl.cc(222)] [12:17:00.003] USB: usb_device_handle_win.cc:1046 Failed to read descriptor from node connection: A device attached to the system is not functioning. (0x1F)
May 01, 2023 12:17:00.00 [2668:1856:0501/121700.003:ERROR:device_event_log_impl.cc(222)] [12:17:00.003] USB: usb_device_handle_win.cc:1046 Failed to read descriptor from node connection: A device attached to the system is not functioning. (0x1F)
May 01, 2023 12:17:00.26 INFO: Created TensorFlow Lite XNNPACK delegate for CPU.
May 01, 2023 12:17:49.35 [2668:1404:0501/121749.358:ERROR:cert_issuer_source_aia.cc(34)] Error parsing cert retrieved from AIA (as DER):
May 01, 2023 12:17:49.35 ERROR: Couldn't read tbsCertificate as SEQUENCE
May 01, 2023 12:17:49.36 ERROR: Failed parsing Certificate
May 01, 2023 12:17:49.36 
May 01, 2023 12:17:49.36 [2668:2964:0501/121749.358:ERROR:cert_issuer_source_aia.cc(34)] Error parsing cert retrieved from AIA (as DER):
May 01, 2023 12:17:49.36 ERROR: Couldn't read tbsCertificate as SEQUENCE
May 01, 2023 12:17:49.36 ERROR: Failed parsing Certificate
May 01, 2023 12:17:49.36 
May 01, 2023 12:17:49.47 [2668:1856:0501/121749.470:ERROR:interface_endpoint_client.cc(695)] Message 1 rejected by interface blink.mojom.WidgetHost
May 01, 2023 12:17:52.66 [2668:1404:0501/121752.659:ERROR:cert_issuer_source_aia.cc(34)] Error parsing cert retrieved from AIA (as DER):
May 01, 2023 12:17:52.66 ERROR: Couldn't read tbsCertificate as SEQUENCE
May 01, 2023 12:17:52.66 ERROR: Failed parsing Certificate
May 01, 2023 12:17:52.66 
May 01, 2023 12:18:19.43 [2668:1856:0501/121819.436:ERROR:interface_endpoint_client.cc(695)] Message 1 rejected by interface blink.mojom.WidgetHost

May 01, 2023 13:19:22.85 NEW SESSION
May 01, 2023 13:19:22.85 [9280:11596:0501/131922.853:ERROR:device_event_log_impl.cc(222)] [13:19:22.852] USB: usb_device_handle_win.cc:1046 Failed to read descriptor from node connection: A device attached to the system is not functioning. (0x1F)
May 01, 2023 13:19:22.85 [9280:11596:0501/131922.855:ERROR:device_event_log_impl.cc(222)] [13:19:22.855] USB: usb_device_handle_win.cc:1046 Failed to read descriptor from node connection: A device attached to the system is not functioning. (0x1F)
May 01, 2023 13:19:22.85 [9280:11596:0501/131922.855:ERROR:device_event_log_impl.cc(222)] [13:19:22.855] USB: usb_device_handle_win.cc:1046 Failed to read descriptor from node connection: A device attached to the system is not functioning. (0x1F)
May 01, 2023 13:19:23.80 INFO: Created TensorFlow Lite XNNPACK delegate for CPU.
May 01, 2023 13:20:11.94 [9280:11964:0501/132011.939:ERROR:cert_issuer_source_aia.cc(34)] Error parsing cert retrieved from AIA (as DER):
May 01, 2023 13:20:11.94 ERROR: Couldn't read tbsCertificate as SEQUENCE
May 01, 2023 13:20:11.94 ERROR: Failed parsing Certificate
May 01, 2023 13:20:11.94 
May 01, 2023 13:29:42.38 [9280:9288:0501/132942.380:ERROR:cert_issuer_source_aia.cc(34)] Error parsing cert retrieved from AIA (as DER):
May 01, 2023 13:29:42.38 ERROR: Couldn't read tbsCertificate as SEQUENCE
May 01, 2023 13:29:42.38 ERROR: Failed parsing Certificate
May 01, 2023 13:29:42.38 

May 10, 2023 08:56:03.82 NEW SESSION
May 10, 2023 08:56:03.82 [3580:2040:0510/085603.817:ERROR:device_event_log_impl.cc(222)] [08:56:03.817] USB: usb_device_handle_win.cc:1046 Failed to read descriptor from node connection: A device attached to the system is not functioning. (0x1F)
May 10, 2023 08:56:03.82 [3580:2040:0510/085603.820:ERROR:device_event_log_impl.cc(222)] [08:56:03.819] USB: usb_device_handle_win.cc:1046 Failed to read descriptor from node connection: A device attached to the system is not functioning. (0x1F)
May 10, 2023 08:56:03.82 [3580:2040:0510/085603.820:ERROR:device_event_log_impl.cc(222)] [08:56:03.820] USB: usb_device_handle_win.cc:1046 Failed to read descriptor from node connection: A device attached to the system is not functioning. (0x1F)
May 10, 2023 08:56:04.29 INFO: Created TensorFlow Lite XNNPACK delegate for CPU.
May 10, 2023 08:57:16.57 [6872:5620:0510/085716.578:ERROR:device_event_log_impl.cc(222)] [08:57:16.577] USB: usb_device_handle_win.cc:1046 Failed to read descriptor from node connection: A device attached to the system is not functioning. (0x1F)
May 10, 2023 08:57:16.58 [6872:5620:0510/085716.584:ERROR:device_event_log_impl.cc(222)] [08:57:16.583] USB: usb_device_handle_win.cc:1046 Failed to read descriptor from node connection: A device attached to the system is not functioning. (0x1F)
May 10, 2023 08:57:16.58 [6872:5620:0510/085716.584:ERROR:device_event_log_impl.cc(222)] [08:57:16.584] USB: usb_device_handle_win.cc:1046 Failed to read descriptor from node connection: A device attached to the system is not functioning. (0x1F)
May 10, 2023 08:57:16.99 INFO: Created TensorFlow Lite XNNPACK delegate for CPU.
May 10, 2023 09:04:08.68 [6872:7836:0510/090408.680:ERROR:cert_issuer_source_aia.cc(34)] Error parsing cert retrieved from AIA (as DER):
May 10, 2023 09:04:08.68 ERROR: Couldn't read tbsCertificate as SEQUENCE
May 10, 2023 09:04:08.68 ERROR: Failed parsing Certificate
May 10, 2023 09:04:08.68 
May 10, 2023 09:04:10.27 [6872:7836:0510/090410.276:ERROR:cert_issuer_source_aia.cc(34)] Error parsing cert retrieved from AIA (as DER):
May 10, 2023 09:04:10.27 ERROR: Couldn't read tbsCertificate as SEQUENCE
May 10, 2023 09:04:10.27 ERROR: Failed parsing Certificate
May 10, 2023 09:04:10.28 
May 10, 2023 10:30:01.08 [6872:7836:0510/103001.081:ERROR:cert_issuer_source_aia.cc(34)] Error parsing cert retrieved from AIA (as DER):
May 10, 2023 10:30:01.08 ERROR: Couldn't read tbsCertificate as SEQUENCE
May 10, 2023 10:30:01.08 ERROR: Failed parsing Certificate
May 10, 2023 10:30:01.08 
May 10, 2023 10:30:01.88 [6872:7836:0510/103001.877:ERROR:cert_issuer_source_aia.cc(34)] Error parsing cert retrieved from AIA (as DER):
May 10, 2023 10:30:01.88 ERROR: Couldn't read tbsCertificate as SEQUENCE
May 10, 2023 10:30:01.88 ERROR: Failed parsing Certificate
May 10, 2023 10:30:01.88 
May 10, 2023 10:35:12.05 [6872:7836:0510/103512.053:ERROR:cert_issuer_source_aia.cc(34)] Error parsing cert retrieved from AIA (as DER):
May 10, 2023 10:35:12.05 ERROR: Couldn't read tbsCertificate as SEQUENCE
May 10, 2023 10:35:12.05 ERROR: Failed parsing Certificate
May 10, 2023 10:35:12.05 
May 10, 2023 10:35:15.33 [6872:7836:0510/103515.334:ERROR:cert_issuer_source_aia.cc(34)] Error parsing cert retrieved from AIA (as DER):
May 10, 2023 10:35:15.33 ERROR: Couldn't read tbsCertificate as SEQUENCE
May 10, 2023 10:35:15.33 ERROR: Failed parsing Certificate
May 10, 2023 10:35:15.33 
May 10, 2023 10:35:15.52 [6872:7836:0510/103515.519:ERROR:cert_issuer_source_aia.cc(34)] Error parsing cert retrieved from AIA (as DER):
May 10, 2023 10:35:15.52 ERROR: Couldn't read tbsCertificate as SEQUENCE
May 10, 2023 10:35:15.52 ERROR: Failed parsing Certificate
May 10, 2023 10:35:15.52 
May 10, 2023 10:36:05.44 [6872:7836:0510/103605.445:ERROR:cert_issuer_source_aia.cc(34)] Error parsing cert retrieved from AIA (as DER):
May 10, 2023 10:36:05.44 ERROR: Couldn't read tbsCertificate as SEQUENCE
May 10, 2023 10:36:05.44 ERROR: Failed parsing Certificate
May 10, 2023 10:36:05.45 
May 10, 2023 10:36:06.41 [6872:7836:0510/103606.409:ERROR:cert_issuer_source_aia.cc(34)] Error parsing cert retrieved from AIA (as DER):
May 10, 2023 10:36:06.41 ERROR: Couldn't read tbsCertificate as SEQUENCE
May 10, 2023 10:36:06.41 ERROR: Failed parsing Certificate
May 10, 2023 10:36:06.41 
May 10, 2023 10:55:16.16 [6872:7836:0510/105516.167:ERROR:cert_issuer_source_aia.cc(34)] Error parsing cert retrieved from AIA (as DER):
May 10, 2023 10:55:16.16 ERROR: Couldn't read tbsCertificate as SEQUENCE
May 10, 2023 10:55:16.16 ERROR: Failed parsing Certificate
May 10, 2023 10:55:16.16 
May 10, 2023 10:55:31.59 [6872:7836:0510/105531.590:ERROR:cert_issuer_source_aia.cc(34)] Error parsing cert retrieved from AIA (as DER):
May 10, 2023 10:55:31.59 ERROR: Couldn't read tbsCertificate as SEQUENCE
May 10, 2023 10:55:31.59 ERROR: Failed parsing Certificate
May 10, 2023 10:55:31.59 
May 10, 2023 11:03:58.15 [6872:5620:0510/110358.152:ERROR:page_load_metrics_update_dispatcher.cc(178)] Invalid first_paint 2.028 s for first_image_paint 1.945 s
May 10, 2023 11:03:58.26 [6872:5620:0510/110358.267:ERROR:page_load_metrics_update_dispatcher.cc(178)] Invalid first_paint 2.028 s for first_image_paint 1.945 s
May 10, 2023 11:03:58.64 [6872:5620:0510/110358.645:ERROR:page_load_metrics_update_dispatcher.cc(178)] Invalid first_paint 2.028 s for first_image_paint 1.945 s
May 10, 2023 11:03:59.00 [6872:5620:0510/110359.003:ERROR:page_load_metrics_update_dispatcher.cc(178)] Invalid first_paint 2.028 s for first_image_paint 1.945 s
May 10, 2023 11:03:59.29 [6872:5620:0510/110359.297:ERROR:page_load_metrics_update_dispatcher.cc(178)] Invalid first_paint 2.028 s for first_image_paint 1.945 s
May 10, 2023 11:03:59.86 [6872:5620:0510/110359.861:ERROR:page_load_metrics_update_dispatcher.cc(178)] Invalid first_paint 2.028 s for first_image_paint 1.945 s
May 10, 2023 11:04:01.98 [6872:5620:0510/110401.987:ERROR:page_load_metrics_update_dispatcher.cc(178)] Invalid first_paint 2.028 s for first_image_paint 1.945 s
May 10, 2023 11:04:02.72 [6872:5620:0510/110402.724:ERROR:page_load_metrics_update_dispatcher.cc(178)] Invalid first_paint 2.028 s for first_image_paint 1.945 s
May 10, 2023 11:04:13.97 [6872:5620:0510/110413.976:ERROR:page_load_metrics_update_dispatcher.cc(178)] Invalid first_paint 2.028 s for first_image_paint 1.945 s
May 10, 2023 11:04:15.06 [6872:5620:0510/110415.064:ERROR:page_load_metrics_update_dispatcher.cc(178)] Invalid first_paint 2.028 s for first_image_paint 1.945 s
May 10, 2023 11:04:15.56 [6872:5620:0510/110415.566:ERROR:page_load_metrics_update_dispatcher.cc(178)] Invalid first_paint 2.028 s for first_image_paint 1.945 s
May 10, 2023 11:04:15.73 [6872:5620:0510/110415.733:ERROR:page_load_metrics_update_dispatcher.cc(178)] Invalid first_paint 2.028 s for first_image_paint 1.945 s
May 10, 2023 11:04:15.84 [6872:5620:0510/110415.840:ERROR:page_load_metrics_update_dispatcher.cc(178)] Invalid first_paint 2.028 s for first_image_paint 1.945 s
May 10, 2023 11:04:16.09 [6872:5620:0510/110416.090:ERROR:page_load_metrics_update_dispatcher.cc(178)] Invalid first_paint 2.028 s for first_image_paint 1.945 s
May 10, 2023 11:04:16.19 [6872:5620:0510/110416.196:ERROR:page_load_metrics_update_dispatcher.cc(178)] Invalid first_paint 2.028 s for first_image_paint 1.945 s
May 10, 2023 11:04:16.46 [6872:5620:0510/110416.460:ERROR:page_load_metrics_update_dispatcher.cc(178)] Invalid first_paint 2.028 s for first_image_paint 1.945 s
May 10, 2023 11:04:16.68 [6872:5620:0510/110416.684:ERROR:page_load_metrics_update_dispatcher.cc(178)] Invalid first_paint 2.028 s for first_image_paint 1.945 s
May 10, 2023 11:04:16.85 [6872:5620:0510/110416.851:ERROR:page_load_metrics_update_dispatcher.cc(178)] Invalid first_paint 2.028 s for first_image_paint 1.945 s
May 10, 2023 11:04:16.97 [6872:5620:0510/110416.969:ERROR:page_load_metrics_update_dispatcher.cc(178)] Invalid first_paint 2.028 s for first_image_paint 1.945 s
May 10, 2023 11:04:17.78 [6872:5620:0510/110417.787:ERROR:page_load_metrics_update_dispatcher.cc(178)] Invalid first_paint 2.028 s for first_image_paint 1.945 s
May 10, 2023 11:04:26.05 [6872:5620:0510/110426.056:ERROR:page_load_metrics_update_dispatcher.cc(178)] Invalid first_paint 2.028 s for first_image_paint 1.945 s
May 10, 2023 11:04:26.83 [6872:5620:0510/110426.838:ERROR:page_load_metrics_update_dispatcher.cc(178)] Invalid first_paint 2.028 s for first_image_paint 1.945 s
May 10, 2023 11:04:59.63 [6872:5620:0510/110459.636:ERROR:page_load_metrics_update_dispatcher.cc(178)] Invalid first_paint 2.028 s for first_image_paint 1.945 s
May 10, 2023 11:05:04.51 [6872:5620:0510/110504.514:ERROR:page_load_metrics_update_dispatcher.cc(178)] Invalid first_paint 2.028 s for first_image_paint 1.945 s
May 10, 2023 11:05:04.94 [6872:5620:0510/110504.945:ERROR:page_load_metrics_update_dispatcher.cc(178)] Invalid first_paint 2.028 s for first_image_paint 1.945 s
May 10, 2023 11:05:07.31 [6872:5620:0510/110507.313:ERROR:page_load_metrics_update_dispatcher.cc(178)] Invalid first_paint 2.028 s for first_image_paint 1.945 s
May 10, 2023 11:05:15.04 [6872:5620:0510/110515.040:ERROR:page_load_metrics_update_dispatcher.cc(178)] Invalid first_paint 2.028 s for first_image_paint 1.945 s
May 10, 2023 11:05:16.06 [6872:5620:0510/110516.065:ERROR:page_load_metrics_update_dispatcher.cc(178)] Invalid first_paint 2.028 s for first_image_paint 1.945 s
May 10, 2023 11:05:16.56 [6872:5620:0510/110516.567:ERROR:page_load_metrics_update_dispatcher.cc(178)] Invalid first_paint 2.028 s for first_image_paint 1.945 s
May 10, 2023 11:05:16.77 [6872:5620:0510/110516.776:ERROR:page_load_metrics_update_dispatcher.cc(178)] Invalid first_paint 2.028 s for first_image_paint 1.945 s
May 10, 2023 11:15:37.80 [6872:7836:0510/111537.803:ERROR:cert_issuer_source_aia.cc(34)] Error parsing cert retrieved from AIA (as DER):
May 10, 2023 11:15:37.80 ERROR: Couldn't read tbsCertificate as SEQUENCE
May 10, 2023 11:15:37.80 ERROR: Failed parsing Certificate
May 10, 2023 11:15:37.80 

May 12, 2023 10:46:53.65 NEW SESSION
May 12, 2023 10:46:53.65 [7320:7904:0512/104653.656:ERROR:cert_issuer_source_aia.cc(34)] Error parsing cert retrieved from AIA (as DER):
May 12, 2023 10:46:53.66 ERROR: Couldn't read tbsCertificate as SEQUENCE
May 12, 2023 10:46:53.66 ERROR: Failed parsing Certificate
May 12, 2023 10:46:53.66 
May 12, 2023 11:04:05.87 [7320:7904:0512/110405.871:ERROR:cert_issuer_source_aia.cc(34)] Error parsing cert retrieved from AIA (as DER):
May 12, 2023 11:04:05.87 ERROR: Couldn't read tbsCertificate as SEQUENCE
May 12, 2023 11:04:05.87 ERROR: Failed parsing Certificate
May 12, 2023 11:04:05.87 
May 12, 2023 11:11:09.22 [7320:7904:0512/111109.223:ERROR:cert_issuer_source_aia.cc(34)] Error parsing cert retrieved from AIA (as DER):
May 12, 2023 11:11:09.22 ERROR: Couldn't read tbsCertificate as SEQUENCE
May 12, 2023 11:11:09.22 ERROR: Failed parsing Certificate
May 12, 2023 11:11:09.22 
May 12, 2023 11:14:46.95 [7320:7904:0512/111446.950:ERROR:cert_issuer_source_aia.cc(34)] Error parsing cert retrieved from AIA (as DER):
May 12, 2023 11:14:46.95 ERROR: Couldn't read tbsCertificate as SEQUENCE
May 12, 2023 11:14:46.95 ERROR: Failed parsing Certificate
May 12, 2023 11:14:46.95 
May 12, 2023 11:14:51.37 [7320:7904:0512/111451.379:ERROR:cert_issuer_source_aia.cc(34)] Error parsing cert retrieved from AIA (as DER):
May 12, 2023 11:14:51.38 ERROR: Couldn't read tbsCertificate as SEQUENCE
May 12, 2023 11:14:51.38 ERROR: Failed parsing Certificate
May 12, 2023 11:14:51.38 
May 12, 2023 11:14:57.01 [7320:7904:0512/111457.010:ERROR:cert_issuer_source_aia.cc(34)] Error parsing cert retrieved from AIA (as DER):
May 12, 2023 11:14:57.01 ERROR: Couldn't read tbsCertificate as SEQUENCE
May 12, 2023 11:14:57.01 ERROR: Failed parsing Certificate
May 12, 2023 11:14:57.01 
May 12, 2023 11:23:48.34 [7320:8716:0512/112348.339:ERROR:connection_factory_impl.cc(471)] ConnectionHandler failed with net error: -2
May 12, 2023 11:23:50.32 [7320:8716:0512/112350.325:ERROR:connection_factory_impl.cc(471)] ConnectionHandler failed with net error: -2
May 12, 2023 11:24:40.72 [7320:8716:0512/112440.721:ERROR:connection_factory_impl.cc(428)] Failed to connect to MCS endpoint with error -106
May 12, 2023 11:24:44.66 [7320:2136:0512/112444.661:ERROR:device_event_log_impl.cc(222)] [11:24:44.661] USB: usb_service_win.cc:104 SetupDiGetDeviceProperty({{A45C254E-DF1C-4EFD-8020-67D146A850E0}, 6}) failed: Element not found. (0x490)
May 12, 2023 11:29:05.35 [7320:7904:0512/112905.351:ERROR:cert_issuer_source_aia.cc(34)] Error parsing cert retrieved from AIA (as DER):
May 12, 2023 11:29:05.35 ERROR: Couldn't read tbsCertificate as SEQUENCE
May 12, 2023 11:29:05.35 ERROR: Failed parsing Certificate
May 12, 2023 11:29:05.35 

May 12, 2023 22:35:52.47 NEW SESSION
May 12, 2023 22:35:52.47 [11000:7492:0512/223552.471:ERROR:cert_issuer_source_aia.cc(34)] Error parsing cert retrieved from AIA (as DER):
May 12, 2023 22:35:52.47 ERROR: Couldn't read tbsCertificate as SEQUENCE
May 12, 2023 22:35:52.47 ERROR: Failed parsing Certificate
May 12, 2023 22:35:52.47 
May 12, 2023 22:35:52.97 [11000:7492:0512/223552.978:ERROR:cert_verify_proc_builtin.cc(679)] CertVerifyProcBuiltin for andreasstorm.com failed:
May 12, 2023 22:35:52.97 ----- Certificate i=0 (CN=andreasstorm.com) -----
May 12, 2023 22:35:52.98 ERROR: Time is after notAfter
May 12, 2023 22:35:52.98 
May 12, 2023 22:35:52.98 
May 12, 2023 22:38:14.42 [11000:7492:0512/223814.428:ERROR:cert_issuer_source_aia.cc(34)] Error parsing cert retrieved from AIA (as DER):
May 12, 2023 22:38:14.43 ERROR: Couldn't read tbsCertificate as SEQUENCE
May 12, 2023 22:38:14.43 ERROR: Failed parsing Certificate
May 12, 2023 22:38:14.43 
May 12, 2023 22:39:56.37 [11000:7492:0512/223956.376:ERROR:cert_issuer_source_aia.cc(34)] Error parsing cert retrieved from AIA (as DER):
May 12, 2023 22:39:56.37 ERROR: Couldn't read tbsCertificate as SEQUENCE
May 12, 2023 22:39:56.37 ERROR: Failed parsing Certificate
May 12, 2023 22:39:56.37 
May 12, 2023 23:15:06.70 [11000:7492:0512/231506.700:ERROR:cert_issuer_source_aia.cc(34)] Error parsing cert retrieved from AIA (as DER):
May 12, 2023 23:15:06.70 ERROR: Couldn't read tbsCertificate as SEQUENCE
May 12, 2023 23:15:06.70 ERROR: Failed parsing Certificate
May 12, 2023 23:15:06.70 

May 13, 2023 09:22:44.19 NEW SESSION
May 13, 2023 09:22:44.19 [7844:9544:0513/092244.193:ERROR:cert_issuer_source_aia.cc(34)] Error parsing cert retrieved from AIA (as DER):
May 13, 2023 09:22:44.20 ERROR: Couldn't read tbsCertificate as SEQUENCE
May 13, 2023 09:22:44.20 ERROR: Failed parsing Certificate
May 13, 2023 09:22:44.20 
May 13, 2023 09:22:44.26 [7844:928:0513/092244.269:ERROR:cert_issuer_source_aia.cc(34)] Error parsing cert retrieved from AIA (as DER):
May 13, 2023 09:22:44.27 ERROR: Couldn't read tbsCertificate as SEQUENCE
May 13, 2023 09:22:44.27 ERROR: Failed parsing Certificate
May 13, 2023 09:22:44.27 
May 13, 2023 09:40:17.23 [7844:928:0513/094017.234:ERROR:cert_issuer_source_aia.cc(34)] Error parsing cert retrieved from AIA (as DER):
May 13, 2023 09:40:17.23 ERROR: Couldn't read tbsCertificate as SEQUENCE
May 13, 2023 09:40:17.23 ERROR: Failed parsing Certificate
May 13, 2023 09:40:17.23 
May 13, 2023 09:40:17.39 [7844:928:0513/094017.396:ERROR:cert_issuer_source_aia.cc(34)] Error parsing cert retrieved from AIA (as DER):
May 13, 2023 09:40:17.39 ERROR: Couldn't read tbsCertificate as SEQUENCE
May 13, 2023 09:40:17.40 ERROR: Failed parsing Certificate
May 13, 2023 09:40:17.40 
May 13, 2023 09:40:18.66 [7844:928:0513/094018.666:ERROR:cert_issuer_source_aia.cc(34)] Error parsing cert retrieved from AIA (as DER):
May 13, 2023 09:40:18.66 ERROR: Couldn't read tbsCertificate as SEQUENCE
May 13, 2023 09:40:18.66 ERROR: Failed parsing Certificate
May 13, 2023 09:40:18.66 
May 13, 2023 09:45:16.39 [7844:928:0513/094516.392:ERROR:cert_issuer_source_aia.cc(34)] Error parsing cert retrieved from AIA (as DER):
May 13, 2023 09:45:16.39 ERROR: Couldn't read tbsCertificate as SEQUENCE
May 13, 2023 09:45:16.39 ERROR: Failed parsing Certificate
May 13, 2023 09:45:16.39 
May 13, 2023 09:45:17.27 [7844:928:0513/094517.279:ERROR:cert_issuer_source_aia.cc(34)] Error parsing cert retrieved from AIA (as DER):
May 13, 2023 09:45:17.28 ERROR: Couldn't read tbsCertificate as SEQUENCE
May 13, 2023 09:45:17.28 ERROR: Failed parsing Certificate
May 13, 2023 09:45:17.28 
May 13, 2023 09:45:19.01 [7844:928:0513/094519.014:ERROR:cert_issuer_source_aia.cc(34)] Error parsing cert retrieved from AIA (as DER):
May 13, 2023 09:45:19.01 ERROR: Couldn't read tbsCertificate as SEQUENCE
May 13, 2023 09:45:19.01 ERROR: Failed parsing Certificate
May 13, 2023 09:45:19.01 

May 14, 2023 05:57:09.56 NEW SESSION
May 14, 2023 05:57:09.56 [12660:1716:0514/055709.561:ERROR:cert_issuer_source_aia.cc(34)] Error parsing cert retrieved from AIA (as DER):
May 14, 2023 05:57:09.56 ERROR: Couldn't read tbsCertificate as SEQUENCE
May 14, 2023 05:57:09.56 ERROR: Failed parsing Certificate
May 14, 2023 05:57:09.56 
May 14, 2023 06:05:37.35 [12660:1716:0514/060537.352:ERROR:cert_issuer_source_aia.cc(34)] Error parsing cert retrieved from AIA (as DER):
May 14, 2023 06:05:37.35 ERROR: Couldn't read tbsCertificate as SEQUENCE
May 14, 2023 06:05:37.35 ERROR: Failed parsing Certificate
May 14, 2023 06:05:37.35 
May 14, 2023 06:05:37.48 [12660:2132:0514/060537.488:ERROR:cert_issuer_source_aia.cc(34)] Error parsing cert retrieved from AIA (as DER):
May 14, 2023 06:05:37.48 ERROR: Couldn't read tbsCertificate as SEQUENCE
May 14, 2023 06:05:37.49 ERROR: Failed parsing Certificate
May 14, 2023 06:05:37.49 
May 14, 2023 06:05:39.81 [12660:1716:0514/060539.813:ERROR:cert_issuer_source_aia.cc(34)] Error parsing cert retrieved from AIA (as DER):
May 14, 2023 06:05:39.81 ERROR: Couldn't read tbsCertificate as SEQUENCE
May 14, 2023 06:05:39.81 ERROR: Failed parsing Certificate
May 14, 2023 06:05:39.81 
May 14, 2023 06:38:15.58 [12660:2132:0514/063815.586:ERROR:cert_issuer_source_aia.cc(34)] Error parsing cert retrieved from AIA (as DER):
May 14, 2023 06:38:15.58 ERROR: Couldn't read tbsCertificate as SEQUENCE
May 14, 2023 06:38:15.58 ERROR: Failed parsing Certificate
May 14, 2023 06:38:15.58 
May 14, 2023 06:56:03.45 [12660:1716:0514/065603.453:ERROR:cert_issuer_source_aia.cc(34)] Error parsing cert retrieved from AIA (as DER):
May 14, 2023 06:56:03.45 ERROR: Couldn't read tbsCertificate as SEQUENCE
May 14, 2023 06:56:03.45 ERROR: Failed parsing Certificate
May 14, 2023 06:56:03.45 
May 14, 2023 07:15:55.02 [12660:1716:0514/071555.026:ERROR:cert_issuer_source_aia.cc(34)] Error parsing cert retrieved from AIA (as DER):
May 14, 2023 07:15:55.02 ERROR: Couldn't read tbsCertificate as SEQUENCE
May 14, 2023 07:15:55.02 ERROR: Failed parsing Certificate
May 14, 2023 07:15:55.02 
May 14, 2023 07:15:55.40 [12660:1716:0514/071555.406:ERROR:cert_issuer_source_aia.cc(34)] Error parsing cert retrieved from AIA (as DER):
May 14, 2023 07:15:55.40 ERROR: Couldn't read tbsCertificate as SEQUENCE
May 14, 2023 07:15:55.40 ERROR: Failed parsing Certificate
May 14, 2023 07:15:55.40 
May 14, 2023 07:15:57.42 [12660:1716:0514/071557.428:ERROR:cert_issuer_source_aia.cc(34)] Error parsing cert retrieved from AIA (as DER):
May 14, 2023 07:15:57.42 ERROR: Couldn't read tbsCertificate as SEQUENCE
May 14, 2023 07:15:57.43 ERROR: Failed parsing Certificate
May 14, 2023 07:15:57.43 
May 14, 2023 07:15:57.97 [12660:2132:0514/071557.979:ERROR:cert_verify_proc_builtin.cc(679)] CertVerifyProcBuiltin for andreasstorm.com failed:
May 14, 2023 07:15:57.98 ----- Certificate i=0 (CN=andreasstorm.com) -----
May 14, 2023 07:15:57.98 ERROR: Time is after notAfter
May 14, 2023 07:15:57.98 
May 14, 2023 07:15:57.98 
May 14, 2023 07:23:05.63 [12660:1716:0514/072305.634:ERROR:cert_issuer_source_aia.cc(34)] Error parsing cert retrieved from AIA (as DER):
May 14, 2023 07:23:05.63 ERROR: Couldn't read tbsCertificate as SEQUENCE
May 14, 2023 07:23:05.63 ERROR: Failed parsing Certificate
May 14, 2023 07:23:05.63 
May 14, 2023 07:33:03.14 [12660:1716:0514/073303.142:ERROR:cert_issuer_source_aia.cc(34)] Error parsing cert retrieved from AIA (as DER):
May 14, 2023 07:33:03.14 ERROR: Couldn't read tbsCertificate as SEQUENCE
May 14, 2023 07:33:03.14 ERROR: Failed parsing Certificate
May 14, 2023 07:33:03.14 
May 14, 2023 07:34:55.14 [12660:1716:0514/073455.147:ERROR:cert_issuer_source_aia.cc(34)] Error parsing cert retrieved from AIA (as DER):
May 14, 2023 07:34:55.14 ERROR: Couldn't read tbsCertificate as SEQUENCE
May 14, 2023 07:34:55.14 ERROR: Failed parsing Certificate
May 14, 2023 07:34:55.14 
May 14, 2023 07:34:55.39 [12660:1716:0514/073455.397:ERROR:cert_issuer_source_aia.cc(34)] Error parsing cert retrieved from AIA (as DER):
May 14, 2023 07:34:55.39 ERROR: Couldn't read tbsCertificate as SEQUENCE
May 14, 2023 07:34:55.39 ERROR: Failed parsing Certificate
May 14, 2023 07:34:55.40 
